[debug] [2024-10-14T11:08:24.932Z] ----------------------------------------------------------------------
[debug] [2024-10-14T11:08:24.934Z] Command:       /opt/homebrew/Cellar/node@20/20.17.0/bin/node /opt/homebrew/bin/firebase init
[debug] [2024-10-14T11:08:24.934Z] CLI Version:   13.22.0
[debug] [2024-10-14T11:08:24.934Z] Platform:      darwin
[debug] [2024-10-14T11:08:24.934Z] Node Version:  v20.17.0
[debug] [2024-10-14T11:08:24.934Z] Time:          Mon Oct 14 2024 16:38:24 GMT+0530 (India Standard Time)
[debug] [2024-10-14T11:08:24.935Z] ----------------------------------------------------------------------
[debug] 
[debug] [2024-10-14T11:08:24.939Z] > command requires scopes: ["email","openid","https://www.googleapis.com/auth/cloudplatformprojects.readonly","https://www.googleapis.com/auth/firebase","https://www.googleapis.com/auth/cloud-platform"]
[debug] [2024-10-14T11:08:24.939Z] > authorizing via signed-in user (sukya2024@gmail.com)
[info] 
     ######## #### ########  ######## ########     ###     ######  ########
     ##        ##  ##     ## ##       ##     ##  ##   ##  ##       ##
     ######    ##  ########  ######   ########  #########  ######  ######
     ##        ##  ##    ##  ##       ##     ## ##     ##       ## ##
     ##       #### ##     ## ######## ########  ##     ##  ######  ########

You're about to initialize a Firebase project in this directory:

  /Users/apple/Documents/flutterProjects/early_eyes/ios

[info] 
=== Project Setup
[info] 
[info] First, let's associate this project directory with a Firebase project.
[info] You can create multiple project aliases by running firebase use --add, 
[info] but for now we'll just set up a default project.
[info] 
